{"C:\\Users\\Lenovo\\Desktop\\Card\\credit-card\\src\\components\\Button\\index.tsx": {"path":"C:\\Users\\Lenovo\\Desktop\\Card\\credit-card\\src\\components\\Button\\index.tsx","statementMap":{"0":{"start":{"line":1,"column":0},"end":{"line":1,"column":31}},"1":{"start":{"line":2,"column":0},"end":{"line":2,"column":66}},"2":{"start":{"line":4,"column":0},"end":{"line":4,"column":42}},"3":{"start":{"line":11,"column":15},"end":{"line":17,"column":1}},"4":{"start":{"line":11,"column":18},"end":{"line":11,"column":26}},"5":{"start":{"line":11,"column":28},"end":{"line":11,"column":32}},"6":{"start":{"line":12,"column":2},"end":{"line":16,"column":4}},"7":{"start":{"line":19,"column":0},"end":{"line":19,"column":22}}},"fnMap":{"0":{"name":"(anonymous_2)","decl":{"start":{"line":11,"column":15},"end":{"line":11,"column":16}},"loc":{"start":{"line":11,"column":41},"end":{"line":17,"column":1}}}},"branchMap":{},"s":{"0":2,"1":2,"2":2,"3":2,"4":1,"5":1,"6":1,"7":2},"f":{"0":1},"b":{}}
,"C:\\Users\\Lenovo\\Desktop\\Card\\credit-card\\src\\components\\CardNumber\\index.tsx": {"path":"C:\\Users\\Lenovo\\Desktop\\Card\\credit-card\\src\\components\\CardNumber\\index.tsx","statementMap":{"0":{"start":{"line":1,"column":0},"end":{"line":1,"column":31}},"1":{"start":{"line":2,"column":0},"end":{"line":2,"column":46}},"2":{"start":{"line":9,"column":2},"end":{"line":9,"column":12}},"3":{"start":{"line":11,"column":16},"end":{"line":25,"column":6}},"4":{"start":{"line":16,"column":6},"end":{"line":18,"column":28}},"5":{"start":{"line":16,"column":36},"end":{"line":16,"column":46}},"6":{"start":{"line":17,"column":11},"end":{"line":18,"column":28}},"7":{"start":{"line":17,"column":38},"end":{"line":17,"column":48}},"8":{"start":{"line":18,"column":11},"end":{"line":18,"column":28}},"9":{"start":{"line":20,"column":6},"end":{"line":24,"column":8}},"10":{"start":{"line":27,"column":2},"end":{"line":27,"column":58}},"11":{"start":{"line":30,"column":0},"end":{"line":30,"column":26}}},"fnMap":{"0":{"name":"CardNumber","decl":{"start":{"line":8,"column":9},"end":{"line":8,"column":19}},"loc":{"start":{"line":10,"column":8},"end":{"line":28,"column":1}}},"1":{"name":"(anonymous_3)","decl":{"start":{"line":13,"column":9},"end":{"line":13,"column":10}},"loc":{"start":{"line":13,"column":16},"end":{"line":25,"column":5}}}},"branchMap":{"0":{"loc":{"start":{"line":9,"column":2},"end":{"line":9,"column":12}},"type":"cond-expr","locations":[{"start":{"line":9,"column":2},"end":{"line":9,"column":12}},{"start":{"line":9,"column":2},"end":{"line":9,"column":12}}]},"1":{"loc":{"start":{"line":16,"column":6},"end":{"line":18,"column":28}},"type":"if","locations":[{"start":{"line":16,"column":6},"end":{"line":18,"column":28}},{"start":{"line":16,"column":6},"end":{"line":18,"column":28}}]},"2":{"loc":{"start":{"line":17,"column":11},"end":{"line":18,"column":28}},"type":"if","locations":[{"start":{"line":17,"column":11},"end":{"line":18,"column":28}},{"start":{"line":17,"column":11},"end":{"line":18,"column":28}}]},"3":{"loc":{"start":{"line":17,"column":15},"end":{"line":17,"column":23}},"type":"binary-expr","locations":[{"start":{"line":17,"column":15},"end":{"line":17,"column":23}},{"start":{"line":17,"column":27},"end":{"line":17,"column":36}}]}},"s":{"0":1,"1":1,"2":4,"3":2,"4":32,"5":16,"6":16,"7":8,"8":8,"9":32,"10":2,"11":1},"f":{"0":2,"1":32},"b":{"0":[1,1],"1":[16,16],"2":[8,8],"3":[16,12]}}
,"C:\\Users\\Lenovo\\Desktop\\Card\\credit-card\\src\\components\\Input\\index.tsx": {"path":"C:\\Users\\Lenovo\\Desktop\\Card\\credit-card\\src\\components\\Input\\index.tsx","statementMap":{"0":{"start":{"line":1,"column":0},"end":{"line":1,"column":31}},"1":{"start":{"line":2,"column":0},"end":{"line":2,"column":40}},"2":{"start":{"line":12,"column":2},"end":{"line":12,"column":6}},"3":{"start":{"line":13,"column":2},"end":{"line":13,"column":18}},"4":{"start":{"line":14,"column":2},"end":{"line":14,"column":12}},"5":{"start":{"line":15,"column":2},"end":{"line":15,"column":41}},"6":{"start":{"line":17,"column":2},"end":{"line":27,"column":4}},"7":{"start":{"line":30,"column":0},"end":{"line":30,"column":21}}},"fnMap":{"0":{"name":"Input","decl":{"start":{"line":11,"column":9},"end":{"line":11,"column":14}},"loc":{"start":{"line":16,"column":8},"end":{"line":28,"column":1}}},"1":{"name":"(anonymous_3)","decl":{"start":{"line":15,"column":2},"end":{"line":15,"column":41}},"loc":{"start":{"line":15,"column":2},"end":{"line":15,"column":41}}}},"branchMap":{"0":{"loc":{"start":{"line":13,"column":2},"end":{"line":13,"column":18}},"type":"cond-expr","locations":[{"start":{"line":13,"column":2},"end":{"line":13,"column":18}},{"start":{"line":13,"column":2},"end":{"line":13,"column":18}}]},"1":{"loc":{"start":{"line":14,"column":2},"end":{"line":14,"column":12}},"type":"cond-expr","locations":[{"start":{"line":14,"column":2},"end":{"line":14,"column":12}},{"start":{"line":14,"column":2},"end":{"line":14,"column":12}}]},"2":{"loc":{"start":{"line":15,"column":2},"end":{"line":15,"column":41}},"type":"cond-expr","locations":[{"start":{"line":15,"column":2},"end":{"line":15,"column":41}},{"start":{"line":15,"column":2},"end":{"line":15,"column":41}}]}},"s":{"0":1,"1":1,"2":0,"3":0,"4":0,"5":0,"6":0,"7":1},"f":{"0":0,"1":0},"b":{"0":[0,0],"1":[0,0],"2":[0,0]}}
,"C:\\Users\\Lenovo\\Desktop\\Card\\credit-card\\src\\components\\Label\\index.tsx": {"path":"C:\\Users\\Lenovo\\Desktop\\Card\\credit-card\\src\\components\\Label\\index.tsx","statementMap":{"0":{"start":{"line":1,"column":0},"end":{"line":1,"column":31}},"1":{"start":{"line":2,"column":0},"end":{"line":2,"column":40}},"2":{"start":{"line":3,"column":0},"end":{"line":3,"column":41}},"3":{"start":{"line":9,"column":17},"end":{"line":9,"column":25}},"4":{"start":{"line":10,"column":2},"end":{"line":10,"column":70}},"5":{"start":{"line":13,"column":0},"end":{"line":13,"column":21}}},"fnMap":{"0":{"name":"Label","decl":{"start":{"line":9,"column":9},"end":{"line":9,"column":14}},"loc":{"start":{"line":9,"column":34},"end":{"line":11,"column":1}}}},"branchMap":{},"s":{"0":1,"1":1,"2":1,"3":0,"4":0,"5":1},"f":{"0":0},"b":{}}
,"C:\\Users\\Lenovo\\Desktop\\Card\\credit-card\\src\\components\\MainForm\\index.tsx": {"path":"C:\\Users\\Lenovo\\Desktop\\Card\\credit-card\\src\\components\\MainForm\\index.tsx","statementMap":{"0":{"start":{"line":1,"column":0},"end":{"line":1,"column":31}},"1":{"start":{"line":3,"column":0},"end":{"line":3,"column":40}},"2":{"start":{"line":4,"column":0},"end":{"line":4,"column":38}},"3":{"start":{"line":6,"column":0},"end":{"line":6,"column":39}},"4":{"start":{"line":7,"column":0},"end":{"line":7,"column":37}},"5":{"start":{"line":8,"column":0},"end":{"line":8,"column":37}},"6":{"start":{"line":10,"column":0},"end":{"line":10,"column":44}},"7":{"start":{"line":18,"column":2},"end":{"line":18,"column":13}},"8":{"start":{"line":19,"column":2},"end":{"line":19,"column":24}},"9":{"start":{"line":21,"column":2},"end":{"line":69,"column":4}},"10":{"start":{"line":72,"column":0},"end":{"line":72,"column":24}}},"fnMap":{"0":{"name":"MainForm","decl":{"start":{"line":17,"column":9},"end":{"line":17,"column":17}},"loc":{"start":{"line":20,"column":8},"end":{"line":70,"column":1}}}},"branchMap":{},"s":{"0":1,"1":1,"2":1,"3":1,"4":1,"5":1,"6":1,"7":1,"8":1,"9":1,"10":1},"f":{"0":1},"b":{}}
}
