{"C:\\Users\\Lenovo\\Desktop\\Card\\credit-card\\src\\components\\Button\\index.tsx": {"path":"C:\\Users\\Lenovo\\Desktop\\Card\\credit-card\\src\\components\\Button\\index.tsx","statementMap":{"0":{"start":{"line":1,"column":0},"end":{"line":1,"column":31}},"1":{"start":{"line":2,"column":0},"end":{"line":2,"column":66}},"2":{"start":{"line":4,"column":0},"end":{"line":4,"column":42}},"3":{"start":{"line":11,"column":15},"end":{"line":17,"column":1}},"4":{"start":{"line":11,"column":18},"end":{"line":11,"column":26}},"5":{"start":{"line":11,"column":28},"end":{"line":11,"column":32}},"6":{"start":{"line":12,"column":2},"end":{"line":16,"column":4}},"7":{"start":{"line":19,"column":0},"end":{"line":19,"column":22}}},"fnMap":{"0":{"name":"(anonymous_2)","decl":{"start":{"line":11,"column":15},"end":{"line":11,"column":16}},"loc":{"start":{"line":11,"column":41},"end":{"line":17,"column":1}}}},"branchMap":{},"s":{"0":3,"1":3,"2":3,"3":3,"4":3,"5":3,"6":3,"7":3},"f":{"0":3},"b":{}}
,"C:\\Users\\Lenovo\\Desktop\\Card\\credit-card\\src\\components\\Card\\index.tsx": {"path":"C:\\Users\\Lenovo\\Desktop\\Card\\credit-card\\src\\components\\Card\\index.tsx","statementMap":{"0":{"start":{"line":1,"column":0},"end":{"line":1,"column":31}},"1":{"start":{"line":3,"column":0},"end":{"line":3,"column":47}},"2":{"start":{"line":5,"column":0},"end":{"line":5,"column":40}},"3":{"start":{"line":12,"column":2},"end":{"line":12,"column":18}},"4":{"start":{"line":14,"column":2},"end":{"line":22,"column":4}},"5":{"start":{"line":25,"column":0},"end":{"line":25,"column":20}}},"fnMap":{"0":{"name":"Card","decl":{"start":{"line":11,"column":9},"end":{"line":11,"column":13}},"loc":{"start":{"line":13,"column":8},"end":{"line":23,"column":1}}}},"branchMap":{"0":{"loc":{"start":{"line":12,"column":2},"end":{"line":12,"column":18}},"type":"cond-expr","locations":[{"start":{"line":12,"column":2},"end":{"line":12,"column":18}},{"start":{"line":12,"column":2},"end":{"line":12,"column":18}}]}},"s":{"0":1,"1":1,"2":1,"3":4,"4":2,"5":1},"f":{"0":2},"b":{"0":[0,2]}}
,"C:\\Users\\Lenovo\\Desktop\\Card\\credit-card\\src\\components\\CardNumber\\index.tsx": {"path":"C:\\Users\\Lenovo\\Desktop\\Card\\credit-card\\src\\components\\CardNumber\\index.tsx","statementMap":{"0":{"start":{"line":1,"column":0},"end":{"line":1,"column":31}},"1":{"start":{"line":2,"column":0},"end":{"line":2,"column":46}},"2":{"start":{"line":9,"column":2},"end":{"line":9,"column":12}},"3":{"start":{"line":11,"column":16},"end":{"line":25,"column":6}},"4":{"start":{"line":16,"column":6},"end":{"line":18,"column":28}},"5":{"start":{"line":16,"column":36},"end":{"line":16,"column":46}},"6":{"start":{"line":17,"column":11},"end":{"line":18,"column":28}},"7":{"start":{"line":17,"column":38},"end":{"line":17,"column":48}},"8":{"start":{"line":18,"column":11},"end":{"line":18,"column":28}},"9":{"start":{"line":20,"column":6},"end":{"line":24,"column":8}},"10":{"start":{"line":27,"column":2},"end":{"line":27,"column":58}},"11":{"start":{"line":30,"column":0},"end":{"line":30,"column":26}}},"fnMap":{"0":{"name":"CardNumber","decl":{"start":{"line":8,"column":9},"end":{"line":8,"column":19}},"loc":{"start":{"line":10,"column":8},"end":{"line":28,"column":1}}},"1":{"name":"(anonymous_3)","decl":{"start":{"line":13,"column":9},"end":{"line":13,"column":10}},"loc":{"start":{"line":13,"column":16},"end":{"line":25,"column":5}}}},"branchMap":{"0":{"loc":{"start":{"line":9,"column":2},"end":{"line":9,"column":12}},"type":"cond-expr","locations":[{"start":{"line":9,"column":2},"end":{"line":9,"column":12}},{"start":{"line":9,"column":2},"end":{"line":9,"column":12}}]},"1":{"loc":{"start":{"line":16,"column":6},"end":{"line":18,"column":28}},"type":"if","locations":[{"start":{"line":16,"column":6},"end":{"line":18,"column":28}},{"start":{"line":16,"column":6},"end":{"line":18,"column":28}}]},"2":{"loc":{"start":{"line":17,"column":11},"end":{"line":18,"column":28}},"type":"if","locations":[{"start":{"line":17,"column":11},"end":{"line":18,"column":28}},{"start":{"line":17,"column":11},"end":{"line":18,"column":28}}]},"3":{"loc":{"start":{"line":17,"column":15},"end":{"line":17,"column":23}},"type":"binary-expr","locations":[{"start":{"line":17,"column":15},"end":{"line":17,"column":23}},{"start":{"line":17,"column":27},"end":{"line":17,"column":36}}]}},"s":{"0":2,"1":2,"2":8,"3":4,"4":64,"5":45,"6":19,"7":8,"8":11,"9":64,"10":4,"11":2},"f":{"0":4,"1":64},"b":{"0":[1,3],"1":[45,19],"2":[8,11],"3":[19,12]}}
,"C:\\Users\\Lenovo\\Desktop\\Card\\credit-card\\src\\components\\Content\\index.tsx": {"path":"C:\\Users\\Lenovo\\Desktop\\Card\\credit-card\\src\\components\\Content\\index.tsx","statementMap":{"0":{"start":{"line":1,"column":0},"end":{"line":1,"column":31}},"1":{"start":{"line":2,"column":0},"end":{"line":2,"column":35}},"2":{"start":{"line":3,"column":0},"end":{"line":3,"column":43}},"3":{"start":{"line":4,"column":0},"end":{"line":4,"column":32}},"4":{"start":{"line":6,"column":0},"end":{"line":6,"column":43}},"5":{"start":{"line":9,"column":2},"end":{"line":32,"column":4}},"6":{"start":{"line":21,"column":12},"end":{"line":21,"column":18}},"7":{"start":{"line":21,"column":20},"end":{"line":21,"column":32}},"8":{"start":{"line":21,"column":56},"end":{"line":29,"column":null}},"9":{"start":{"line":35,"column":0},"end":{"line":35,"column":23}}},"fnMap":{"0":{"name":"Content","decl":{"start":{"line":8,"column":9},"end":{"line":8,"column":16}},"loc":{"start":{"line":8,"column":16},"end":{"line":33,"column":1}}},"1":{"name":"(anonymous_3)","decl":{"start":{"line":19,"column":18},"end":{"line":19,"column":31}},"loc":{"start":{"line":19,"column":18},"end":{"line":19,"column":32}}},"2":{"name":"(anonymous_4)","decl":{"start":{"line":21,"column":9},"end":{"line":21,"column":10}},"loc":{"start":{"line":21,"column":34},"end":{"line":21,"column":null}}}},"branchMap":{},"s":{"0":1,"1":1,"2":1,"3":1,"4":1,"5":1,"6":3,"7":3,"8":3,"9":1},"f":{"0":1,"1":0,"2":3},"b":{}}
,"C:\\Users\\Lenovo\\Desktop\\Card\\credit-card\\src\\components\\Input\\index.tsx": {"path":"C:\\Users\\Lenovo\\Desktop\\Card\\credit-card\\src\\components\\Input\\index.tsx","statementMap":{"0":{"start":{"line":1,"column":0},"end":{"line":1,"column":31}},"1":{"start":{"line":2,"column":0},"end":{"line":2,"column":40}},"2":{"start":{"line":12,"column":2},"end":{"line":12,"column":6}},"3":{"start":{"line":13,"column":2},"end":{"line":13,"column":18}},"4":{"start":{"line":14,"column":2},"end":{"line":14,"column":12}},"5":{"start":{"line":15,"column":2},"end":{"line":15,"column":41}},"6":{"start":{"line":17,"column":2},"end":{"line":27,"column":4}},"7":{"start":{"line":30,"column":0},"end":{"line":30,"column":21}}},"fnMap":{"0":{"name":"Input","decl":{"start":{"line":11,"column":9},"end":{"line":11,"column":14}},"loc":{"start":{"line":16,"column":8},"end":{"line":28,"column":1}}},"1":{"name":"(anonymous_3)","decl":{"start":{"line":15,"column":2},"end":{"line":15,"column":41}},"loc":{"start":{"line":15,"column":2},"end":{"line":15,"column":41}}}},"branchMap":{"0":{"loc":{"start":{"line":13,"column":2},"end":{"line":13,"column":18}},"type":"cond-expr","locations":[{"start":{"line":13,"column":2},"end":{"line":13,"column":18}},{"start":{"line":13,"column":2},"end":{"line":13,"column":18}}]},"1":{"loc":{"start":{"line":14,"column":2},"end":{"line":14,"column":12}},"type":"cond-expr","locations":[{"start":{"line":14,"column":2},"end":{"line":14,"column":12}},{"start":{"line":14,"column":2},"end":{"line":14,"column":12}}]},"2":{"loc":{"start":{"line":15,"column":2},"end":{"line":15,"column":41}},"type":"cond-expr","locations":[{"start":{"line":15,"column":2},"end":{"line":15,"column":41}},{"start":{"line":15,"column":2},"end":{"line":15,"column":41}}]}},"s":{"0":2,"1":2,"2":10,"3":20,"4":20,"5":20,"6":10,"7":2},"f":{"0":10,"1":0},"b":{"0":[6,4],"1":[8,2],"2":[8,2]}}
,"C:\\Users\\Lenovo\\Desktop\\Card\\credit-card\\src\\components\\Label\\index.tsx": {"path":"C:\\Users\\Lenovo\\Desktop\\Card\\credit-card\\src\\components\\Label\\index.tsx","statementMap":{"0":{"start":{"line":1,"column":0},"end":{"line":1,"column":31}},"1":{"start":{"line":2,"column":0},"end":{"line":2,"column":40}},"2":{"start":{"line":3,"column":0},"end":{"line":3,"column":41}},"3":{"start":{"line":9,"column":17},"end":{"line":9,"column":25}},"4":{"start":{"line":10,"column":2},"end":{"line":10,"column":70}},"5":{"start":{"line":13,"column":0},"end":{"line":13,"column":21}}},"fnMap":{"0":{"name":"Label","decl":{"start":{"line":9,"column":9},"end":{"line":9,"column":14}},"loc":{"start":{"line":9,"column":34},"end":{"line":11,"column":1}}}},"branchMap":{},"s":{"0":2,"1":2,"2":2,"3":8,"4":8,"5":2},"f":{"0":8},"b":{}}
,"C:\\Users\\Lenovo\\Desktop\\Card\\credit-card\\src\\components\\MainForm\\index.tsx": {"path":"C:\\Users\\Lenovo\\Desktop\\Card\\credit-card\\src\\components\\MainForm\\index.tsx","statementMap":{"0":{"start":{"line":1,"column":0},"end":{"line":1,"column":31}},"1":{"start":{"line":3,"column":0},"end":{"line":3,"column":40}},"2":{"start":{"line":4,"column":0},"end":{"line":4,"column":38}},"3":{"start":{"line":6,"column":0},"end":{"line":6,"column":39}},"4":{"start":{"line":7,"column":0},"end":{"line":7,"column":37}},"5":{"start":{"line":8,"column":0},"end":{"line":8,"column":37}},"6":{"start":{"line":9,"column":0},"end":{"line":9,"column":49}},"7":{"start":{"line":11,"column":0},"end":{"line":11,"column":44}},"8":{"start":{"line":19,"column":2},"end":{"line":19,"column":13}},"9":{"start":{"line":20,"column":2},"end":{"line":20,"column":24}},"10":{"start":{"line":22,"column":2},"end":{"line":71,"column":4}},"11":{"start":{"line":74,"column":0},"end":{"line":74,"column":24}}},"fnMap":{"0":{"name":"MainForm","decl":{"start":{"line":18,"column":9},"end":{"line":18,"column":17}},"loc":{"start":{"line":21,"column":8},"end":{"line":72,"column":1}}}},"branchMap":{},"s":{"0":2,"1":2,"2":2,"3":2,"4":2,"5":2,"6":2,"7":2,"8":3,"9":3,"10":3,"11":2},"f":{"0":3},"b":{}}
,"C:\\Users\\Lenovo\\Desktop\\Card\\credit-card\\src\\components\\NumberInput\\index.tsx": {"path":"C:\\Users\\Lenovo\\Desktop\\Card\\credit-card\\src\\components\\NumberInput\\index.tsx","statementMap":{"0":{"start":{"line":1,"column":0},"end":{"line":1,"column":31}},"1":{"start":{"line":3,"column":0},"end":{"line":3,"column":62}},"2":{"start":{"line":5,"column":0},"end":{"line":5,"column":null}},"3":{"start":{"line":14,"column":21},"end":{"line":15,"column":12}},"4":{"start":{"line":15,"column":2},"end":{"line":15,"column":25}},"5":{"start":{"line":18,"column":2},"end":{"line":18,"column":28}},"6":{"start":{"line":19,"column":2},"end":{"line":19,"column":8}},"7":{"start":{"line":20,"column":2},"end":{"line":20,"column":15}},"8":{"start":{"line":22,"column":23},"end":{"line":35,"column":3}},"9":{"start":{"line":25,"column":10},"end":{"line":25,"column":15}},"10":{"start":{"line":27,"column":4},"end":{"line":27,"column":36}},"11":{"start":{"line":27,"column":29},"end":{"line":27,"column":36}},"12":{"start":{"line":29,"column":4},"end":{"line":29,"column":43}},"13":{"start":{"line":30,"column":4},"end":{"line":30,"column":52}},"14":{"start":{"line":32,"column":4},"end":{"line":32,"column":52}},"15":{"start":{"line":34,"column":4},"end":{"line":34,"column":28}},"16":{"start":{"line":37,"column":2},"end":{"line":37,"column":59}},"17":{"start":{"line":40,"column":0},"end":{"line":40,"column":27}}},"fnMap":{"0":{"name":"(anonymous_5)","decl":{"start":{"line":14,"column":21},"end":{"line":14,"column":22}},"loc":{"start":{"line":14,"column":35},"end":{"line":15,"column":12}}},"1":{"name":"NumberInput","decl":{"start":{"line":17,"column":9},"end":{"line":17,"column":20}},"loc":{"start":{"line":21,"column":8},"end":{"line":38,"column":1}}},"2":{"name":"(anonymous_7)","decl":{"start":{"line":22,"column":23},"end":{"line":22,"column":null}},"loc":{"start":{"line":23,"column":46},"end":{"line":35,"column":3}}}},"branchMap":{"0":{"loc":{"start":{"line":27,"column":4},"end":{"line":27,"column":36}},"type":"if","locations":[{"start":{"line":27,"column":4},"end":{"line":27,"column":36}},{"start":{"line":27,"column":4},"end":{"line":27,"column":36}}]}},"s":{"0":2,"1":2,"2":2,"3":2,"4":1,"5":2,"6":2,"7":2,"8":2,"9":1,"10":1,"11":0,"12":1,"13":1,"14":1,"15":1,"16":2,"17":2},"f":{"0":1,"1":2,"2":1},"b":{"0":[0,1]}}
,"C:\\Users\\Lenovo\\Desktop\\Card\\credit-card\\src\\tools\\stringTools.ts": {"path":"C:\\Users\\Lenovo\\Desktop\\Card\\credit-card\\src\\tools\\stringTools.ts","statementMap":{"0":{"start":{"line":1,"column":13},"end":{"line":2,"column":28}},"1":{"start":{"line":2,"column":2},"end":{"line":2,"column":28}},"2":{"start":{"line":4,"column":13},"end":{"line":8,"column":55}},"3":{"start":{"line":8,"column":2},"end":{"line":8,"column":55}}},"fnMap":{"0":{"name":"(anonymous_0)","decl":{"start":{"line":1,"column":39},"end":{"line":1,"column":40}},"loc":{"start":{"line":1,"column":53},"end":{"line":2,"column":7}}},"1":{"name":"(anonymous_1)","decl":{"start":{"line":4,"column":35},"end":{"line":4,"column":null}},"loc":{"start":{"line":6,"column":16},"end":{"line":8,"column":7}}}},"branchMap":{"0":{"loc":{"start":{"line":8,"column":2},"end":{"line":8,"column":48}},"type":"binary-expr","locations":[{"start":{"line":8,"column":2},"end":{"line":8,"column":48}},{"start":{"line":8,"column":52},"end":{"line":8,"column":54}}]}},"s":{"0":2,"1":1,"2":2,"3":1},"f":{"0":1,"1":1},"b":{"0":[1,0]}}
}
