TN:
SF:src\components\Button\index.tsx
FN:11,(anonymous_2)
FNF:1
FNH:1
FNDA:3,(anonymous_2)
DA:1,3
DA:2,3
DA:4,3
DA:11,3
DA:12,3
DA:19,3
LF:6
LH:6
BRF:0
BRH:0
end_of_record
TN:
SF:src\components\Card\index.tsx
FN:11,Card
FNF:1
FNH:1
FNDA:2,Card
DA:1,1
DA:3,1
DA:5,1
DA:12,4
DA:14,2
DA:25,1
LF:6
LH:6
BRDA:12,0,0,0
BRDA:12,0,1,2
BRF:2
BRH:1
end_of_record
TN:
SF:src\components\CardNumber\index.tsx
FN:8,CardNumber
FN:13,(anonymous_3)
FNF:2
FNH:2
FNDA:4,CardNumber
FNDA:64,(anonymous_3)
DA:1,2
DA:2,2
DA:9,8
DA:11,4
DA:16,64
DA:17,19
DA:18,11
DA:20,64
DA:27,4
DA:30,2
LF:10
LH:10
BRDA:9,0,0,1
BRDA:9,0,1,3
BRDA:16,1,0,45
BRDA:16,1,1,19
BRDA:17,2,0,8
BRDA:17,2,1,11
BRDA:17,3,0,19
BRDA:17,3,1,12
BRF:8
BRH:8
end_of_record
TN:
SF:src\components\Content\index.tsx
FN:8,Content
FN:19,(anonymous_3)
FN:21,(anonymous_4)
FNF:3
FNH:2
FNDA:1,Content
FNDA:0,(anonymous_3)
FNDA:3,(anonymous_4)
DA:1,1
DA:2,1
DA:3,1
DA:4,1
DA:6,1
DA:9,1
DA:21,3
DA:35,1
LF:8
LH:8
BRF:0
BRH:0
end_of_record
TN:
SF:src\components\Input\index.tsx
FN:11,Input
FN:15,(anonymous_3)
FNF:2
FNH:1
FNDA:10,Input
FNDA:0,(anonymous_3)
DA:1,2
DA:2,2
DA:12,10
DA:13,20
DA:14,20
DA:15,20
DA:17,10
DA:30,2
LF:8
LH:8
BRDA:13,0,0,6
BRDA:13,0,1,4
BRDA:14,1,0,8
BRDA:14,1,1,2
BRDA:15,2,0,8
BRDA:15,2,1,2
BRF:6
BRH:6
end_of_record
TN:
SF:src\components\Label\index.tsx
FN:9,Label
FNF:1
FNH:1
FNDA:8,Label
DA:1,2
DA:2,2
DA:3,2
DA:9,8
DA:10,8
DA:13,2
LF:6
LH:6
BRF:0
BRH:0
end_of_record
TN:
SF:src\components\MainForm\index.tsx
FN:18,MainForm
FNF:1
FNH:1
FNDA:3,MainForm
DA:1,2
DA:3,2
DA:4,2
DA:6,2
DA:7,2
DA:8,2
DA:9,2
DA:11,2
DA:19,3
DA:20,3
DA:22,3
DA:74,2
LF:12
LH:12
BRF:0
BRH:0
end_of_record
TN:
SF:src\components\NumberInput\index.tsx
FN:14,(anonymous_5)
FN:17,NumberInput
FN:22,(anonymous_7)
FNF:3
FNH:3
FNDA:1,(anonymous_5)
FNDA:2,NumberInput
FNDA:1,(anonymous_7)
DA:1,2
DA:3,2
DA:5,2
DA:14,2
DA:15,1
DA:18,2
DA:19,2
DA:20,2
DA:22,2
DA:25,1
DA:27,1
DA:29,1
DA:30,1
DA:32,1
DA:34,1
DA:37,2
DA:40,2
LF:17
LH:17
BRDA:27,0,0,0
BRDA:27,0,1,1
BRF:2
BRH:1
end_of_record
TN:
SF:src\tools\stringTools.ts
FN:1,(anonymous_0)
FN:4,(anonymous_1)
FNF:2
FNH:2
FNDA:1,(anonymous_0)
FNDA:1,(anonymous_1)
DA:1,2
DA:2,1
DA:4,2
DA:8,1
LF:4
LH:4
BRDA:8,0,0,1
BRDA:8,0,1,0
BRF:2
BRH:1
end_of_record
