TN:
SF:src\components\Button\index.tsx
FN:11,(anonymous_2)
FNF:1
FNH:1
FNDA:1,(anonymous_2)
DA:1,2
DA:2,2
DA:4,2
DA:11,2
DA:12,1
DA:19,2
LF:6
LH:6
BRF:0
BRH:0
end_of_record
TN:
SF:src\components\CardNumber\index.tsx
FN:8,CardNumber
FN:13,(anonymous_3)
FNF:2
FNH:2
FNDA:2,CardNumber
FNDA:32,(anonymous_3)
DA:1,1
DA:2,1
DA:9,4
DA:11,2
DA:16,32
DA:17,16
DA:18,8
DA:20,32
DA:27,2
DA:30,1
LF:10
LH:10
BRDA:9,0,0,1
BRDA:9,0,1,1
BRDA:16,1,0,16
BRDA:16,1,1,16
BRDA:17,2,0,8
BRDA:17,2,1,8
BRDA:17,3,0,16
BRDA:17,3,1,12
BRF:8
BRH:8
end_of_record
TN:
SF:src\components\Input\index.tsx
FN:11,Input
FN:15,(anonymous_3)
FNF:2
FNH:0
FNDA:0,Input
FNDA:0,(anonymous_3)
DA:1,1
DA:2,1
DA:12,0
DA:13,0
DA:14,0
DA:15,0
DA:17,0
DA:30,1
LF:8
LH:3
BRDA:13,0,0,0
BRDA:13,0,1,0
BRDA:14,1,0,0
BRDA:14,1,1,0
BRDA:15,2,0,0
BRDA:15,2,1,0
BRF:6
BRH:0
end_of_record
TN:
SF:src\components\Label\index.tsx
FN:9,Label
FNF:1
FNH:0
FNDA:0,Label
DA:1,1
DA:2,1
DA:3,1
DA:9,0
DA:10,0
DA:13,1
LF:6
LH:4
BRF:0
BRH:0
end_of_record
TN:
SF:src\components\MainForm\index.tsx
FN:17,MainForm
FNF:1
FNH:1
FNDA:1,MainForm
DA:1,1
DA:3,1
DA:4,1
DA:6,1
DA:7,1
DA:8,1
DA:10,1
DA:18,1
DA:19,1
DA:21,1
DA:72,1
LF:11
LH:11
BRF:0
BRH:0
end_of_record
